2023/06/10 11:59:09 engine.go:57: Engine Start start
2023/06/10 11:59:09 engine.go:29: Engine Run start
2023/06/10 11:59:09 engine.go:123: Engine NewGame start
2023/06/10 11:59:09 engine.go:143: Engine NewGame end
2023/06/10 11:59:43 engine.go:86: Engine Start end
2023/06/10 11:59:43 view.go:31: View Stop start
2023/06/10 11:59:43 engine.go:52: Engine Run end
2023/06/10 11:59:43 view.go:35: View Stop end
2023/06/10 11:59:46 engine.go:57: Engine Start start
2023/06/10 11:59:46 engine.go:29: Engine Run start
2023/06/10 11:59:46 engine.go:123: Engine NewGame start
2023/06/10 11:59:46 engine.go:143: Engine NewGame end
2023/06/10 12:00:00 engine.go:226: Engine GameOver start
2023/06/10 12:00:00 view.go:271: View ShowGameOverAnimation start
2023/06/10 12:00:00 view.go:291: View ShowGameOverAnimation case 2
2023/06/10 12:00:00 view.go:338: View ShowGameOverAnimation end
2023/06/10 12:00:00 engine.go:245: Engine GameOver end
2023/06/10 12:00:03 engine.go:86: Engine Start end
2023/06/10 12:00:03 view.go:31: View Stop start
2023/06/10 12:00:03 engine.go:52: Engine Run end
2023/06/10 12:00:03 view.go:35: View Stop end
